<?xml version="1.0" encoding="UTF-8"?>
<!-- Generated by org.testng.reporters.JUnitXMLReporter -->
<testsuite ignored="0" hostname="AkhilaLaptop" failures="1" tests="4" name="Test" time="46.348" errors="0" timestamp="2023-04-06T21:19:45 IST">
  <testcase classname="com.tests.LoginPageTest" name="loginButtonDisplayTest" time="2.08"/>
  <testcase classname="com.tests.LoginPageTest" name="loginHeadingDisplayTest" time="2.082">
    <failure type="java.lang.AssertionError" message="expected [false] but found [true]">
      <![CDATA[java.lang.AssertionError: expected [false] but found [true]
at com.tests.LoginPageTest.loginHeadingDisplayTest(LoginPageTest.java:23)
at java.base/java.util.ArrayList.forEach(ArrayList.java:1511)
... Removed 33 stack frames]]>
    </failure>
  </testcase> <!-- loginHeadingDisplayTest -->
  <testcase classname="com.tests.HomePageTest" name="dashboardDisplayTest" time="2.728"/>
  <testcase classname="com.tests.HomePageTest" name="logoutButtonDisplayTest" time="4.997"/>
</testsuite> <!-- Test -->
