<?xml version="1.0" encoding="UTF-8"?>
<testng-results ignored="0" total="4" passed="3" failed="1" skipped="0">
  <reporter-output>
  </reporter-output>
  <suite started-at="2023-04-06T21:18:58 IST" name="Suite" finished-at="2023-04-06T21:19:44 IST" duration-ms="46348">
    <groups>
    </groups>
    <test started-at="2023-04-06T21:18:58 IST" name="Test" finished-at="2023-04-06T21:19:44 IST" duration-ms="46348">
      <class name="com.tests.LoginPageTest">
        <test-method is-config="true" signature="setUp()[pri:0, instance:com.tests.LoginPageTest@49964d75]" started-at="2023-04-06T21:18:58 IST" name="setUp" finished-at="2023-04-06T21:19:12 IST" duration-ms="14485" status="PASS">
          <reporter-output>
          </reporter-output>
        </test-method> <!-- setUp -->
        <test-method signature="loginButtonDisplayTest()[pri:0, instance:com.tests.LoginPageTest@49964d75]" started-at="2023-04-06T21:19:12 IST" name="loginButtonDisplayTest" finished-at="2023-04-06T21:19:14 IST" duration-ms="2080" status="PASS">
          <reporter-output>
          </reporter-output>
        </test-method> <!-- loginButtonDisplayTest -->
        <test-method is-config="true" signature="cleanUp()[pri:0, instance:com.tests.LoginPageTest@49964d75]" started-at="2023-04-06T21:19:14 IST" name="cleanUp" finished-at="2023-04-06T21:19:15 IST" duration-ms="210" status="PASS">
          <reporter-output>
          </reporter-output>
        </test-method> <!-- cleanUp -->
        <test-method is-config="true" signature="setUp()[pri:0, instance:com.tests.LoginPageTest@49964d75]" started-at="2023-04-06T21:19:15 IST" name="setUp" finished-at="2023-04-06T21:19:20 IST" duration-ms="5310" status="PASS">
          <reporter-output>
          </reporter-output>
        </test-method> <!-- setUp -->
        <test-method signature="loginHeadingDisplayTest()[pri:0, instance:com.tests.LoginPageTest@49964d75]" started-at="2023-04-06T21:19:20 IST" name="loginHeadingDisplayTest" finished-at="2023-04-06T21:19:22 IST" duration-ms="2082" status="FAIL">
          <exception class="java.lang.AssertionError">
            <message>
              <![CDATA[expected [false] but found [true]]]>
            </message>
            <full-stacktrace>
              <![CDATA[java.lang.AssertionError: expected [false] but found [true]
at org.testng.Assert.fail(Assert.java:110)
at org.testng.Assert.failNotEquals(Assert.java:1413)
at org.testng.Assert.assertEqualsImpl(Assert.java:149)
at org.testng.Assert.assertEquals(Assert.java:131)
at org.testng.Assert.assertEquals(Assert.java:976)
at org.testng.Assert.assertEquals(Assert.java:1010)
at com.tests.LoginPageTest.loginHeadingDisplayTest(LoginPageTest.java:23)
at java.base/jdk.internal.reflect.NativeMethodAccessorImpl.invoke0(Native Method)
at java.base/jdk.internal.reflect.NativeMethodAccessorImpl.invoke(NativeMethodAccessorImpl.java:77)
at java.base/jdk.internal.reflect.DelegatingMethodAccessorImpl.invoke(DelegatingMethodAccessorImpl.java:43)
at java.base/java.lang.reflect.Method.invoke(Method.java:568)
at org.testng.internal.invokers.MethodInvocationHelper.invokeMethod(MethodInvocationHelper.java:135)
at org.testng.internal.invokers.TestInvoker.invokeMethod(TestInvoker.java:673)
at org.testng.internal.invokers.TestInvoker.invokeTestMethod(TestInvoker.java:220)
at org.testng.internal.invokers.MethodRunner.runInSequence(MethodRunner.java:50)
at org.testng.internal.invokers.TestInvoker$MethodInvocationAgent.invoke(TestInvoker.java:945)
at org.testng.internal.invokers.TestInvoker.invokeTestMethods(TestInvoker.java:193)
at org.testng.internal.invokers.TestMethodWorker.invokeTestMethods(TestMethodWorker.java:146)
at org.testng.internal.invokers.TestMethodWorker.run(TestMethodWorker.java:128)
at java.base/java.util.ArrayList.forEach(ArrayList.java:1511)
at org.testng.TestRunner.privateRun(TestRunner.java:808)
at org.testng.TestRunner.run(TestRunner.java:603)
at org.testng.SuiteRunner.runTest(SuiteRunner.java:429)
at org.testng.SuiteRunner.runSequentially(SuiteRunner.java:423)
at org.testng.SuiteRunner.privateRun(SuiteRunner.java:383)
at org.testng.SuiteRunner.run(SuiteRunner.java:326)
at org.testng.SuiteRunnerWorker.runSuite(SuiteRunnerWorker.java:52)
at org.testng.SuiteRunnerWorker.run(SuiteRunnerWorker.java:95)
at org.testng.TestNG.runSuitesSequentially(TestNG.java:1249)
at org.testng.TestNG.runSuitesLocally(TestNG.java:1169)
at org.testng.TestNG.runSuites(TestNG.java:1092)
at org.testng.TestNG.run(TestNG.java:1060)
at org.testng.remote.AbstractRemoteTestNG.run(AbstractRemoteTestNG.java:115)
at org.testng.remote.RemoteTestNG.initAndRun(RemoteTestNG.java:251)
at org.testng.remote.RemoteTestNG.main(RemoteTestNG.java:77)
]]>
            </full-stacktrace>
          </exception> <!-- java.lang.AssertionError -->
          <reporter-output>
          </reporter-output>
        </test-method> <!-- loginHeadingDisplayTest -->
        <test-method is-config="true" signature="cleanUp()[pri:0, instance:com.tests.LoginPageTest@49964d75]" started-at="2023-04-06T21:19:22 IST" name="cleanUp" finished-at="2023-04-06T21:19:22 IST" duration-ms="182" status="PASS">
          <reporter-output>
          </reporter-output>
        </test-method> <!-- cleanUp -->
      </class> <!-- com.tests.LoginPageTest -->
      <class name="com.tests.HomePageTest">
        <test-method is-config="true" signature="setUp()[pri:0, instance:com.tests.HomePageTest@7e6ef134]" started-at="2023-04-06T21:19:22 IST" name="setUp" finished-at="2023-04-06T21:19:29 IST" duration-ms="6878" status="PASS">
          <reporter-output>
          </reporter-output>
        </test-method> <!-- setUp -->
        <test-method signature="dashboardDisplayTest()[pri:0, instance:com.tests.HomePageTest@7e6ef134]" started-at="2023-04-06T21:19:29 IST" name="dashboardDisplayTest" finished-at="2023-04-06T21:19:32 IST" duration-ms="2728" status="PASS">
          <reporter-output>
          </reporter-output>
        </test-method> <!-- dashboardDisplayTest -->
        <test-method is-config="true" signature="cleanUp()[pri:0, instance:com.tests.HomePageTest@7e6ef134]" started-at="2023-04-06T21:19:32 IST" name="cleanUp" finished-at="2023-04-06T21:19:32 IST" duration-ms="136" status="PASS">
          <reporter-output>
          </reporter-output>
        </test-method> <!-- cleanUp -->
        <test-method is-config="true" signature="setUp()[pri:0, instance:com.tests.HomePageTest@7e6ef134]" started-at="2023-04-06T21:19:32 IST" name="setUp" finished-at="2023-04-06T21:19:39 IST" duration-ms="6749" status="PASS">
          <reporter-output>
          </reporter-output>
        </test-method> <!-- setUp -->
        <test-method signature="logoutButtonDisplayTest()[pri:0, instance:com.tests.HomePageTest@7e6ef134]" started-at="2023-04-06T21:19:39 IST" name="logoutButtonDisplayTest" finished-at="2023-04-06T21:19:44 IST" duration-ms="4997" status="PASS">
          <reporter-output>
          </reporter-output>
        </test-method> <!-- logoutButtonDisplayTest -->
        <test-method is-config="true" signature="cleanUp()[pri:0, instance:com.tests.HomePageTest@7e6ef134]" started-at="2023-04-06T21:19:44 IST" name="cleanUp" finished-at="2023-04-06T21:19:44 IST" duration-ms="181" status="PASS">
          <reporter-output>
          </reporter-output>
        </test-method> <!-- cleanUp -->
      </class> <!-- com.tests.HomePageTest -->
    </test> <!-- Test -->
  </suite> <!-- Suite -->
</testng-results>
